[DEBUG] 2026-04-23 14:20:57.779 [main] PackageRelationshipCollection - Parsing relationship: /xl/_rels/workbook.xml.rels
[DEBUG] 2026-04-23 14:20:57.784 [main] PackageRelationshipCollection - Parsing relationship: /xl/worksheets/_rels/sheet1.xml.rels
[DEBUG] 2026-04-23 14:20:57.786 [main] PackageRelationshipCollection - Parsing relationship: /xl/worksheets/_rels/sheet2.xml.rels
[DEBUG] 2026-04-23 14:20:57.787 [main] PackageRelationshipCollection - Parsing relationship: /_rels/.rels
[INFO ] 2026-04-23 14:20:58.212 [main] LoginDemo - Browser Initializing
[INFO ] 2026-04-23 14:21:38.004 [main] LoginDemo - Browser Opened
[INFO ] 2026-04-23 14:21:40.296 [main] LoginDemo - URL Launched in browser
[DEBUG] 2026-04-23 14:21:40.955 [main] PackageRelationshipCollection - Parsing relationship: /xl/_rels/workbook.xml.rels
[DEBUG] 2026-04-23 14:21:40.972 [main] PackageRelationshipCollection - Parsing relationship: /xl/worksheets/_rels/sheet1.xml.rels
[DEBUG] 2026-04-23 14:21:40.977 [main] PackageRelationshipCollection - Parsing relationship: /xl/worksheets/_rels/sheet2.xml.rels
[DEBUG] 2026-04-23 14:21:40.981 [main] PackageRelationshipCollection - Parsing relationship: /_rels/.rels
[INFO ] 2026-04-23 14:21:41.193 [main] LoginDemo - Entering email: 123@gmail.com
[INFO ] 2026-04-23 14:21:41.792 [main] LoginDemo - Enetering Password
[INFO ] 2026-04-23 14:21:42.226 [main] LoginDemo - Clicked Login
[INFO ] 2026-04-23 14:21:42.257 [main] LoginDemo - Browser Initializing
[INFO ] 2026-04-23 14:21:43.754 [main] LoginDemo - Login UnSuccessfull
[INFO ] 2026-04-23 14:21:44.177 [main] LoginDemo - Browser Initializing
[INFO ] 2026-04-23 14:21:46.252 [main] LoginDemo - Browser Opened
[INFO ] 2026-04-23 14:21:46.429 [main] LoginDemo - Browser Opened
[INFO ] 2026-04-23 14:21:48.888 [main] LoginDemo - URL Launched in browser
[INFO ] 2026-04-23 14:21:49.226 [main] LoginDemo - URL Launched in browser
[INFO ] 2026-04-23 14:21:49.830 [main] LoginDemo - Entering email: 123@gmail.com
[INFO ] 2026-04-23 14:21:50.220 [main] LoginDemo - Enetering Password
[INFO ] 2026-04-23 14:21:50.278 [main] LoginDemo - Entering email: mp3gaming12@gmail.com
[INFO ] 2026-04-23 14:21:50.689 [main] LoginDemo - Enetering Password
[INFO ] 2026-04-23 14:21:50.769 [main] LoginDemo - Clicked Login
[INFO ] 2026-04-23 14:21:51.166 [main] LoginDemo - Clicked Login
[INFO ] 2026-04-23 14:21:51.460 [main] LoginDemo - Login UnSuccessfull
[INFO ] 2026-04-23 14:21:51.826 [main] LoginDemo - Browser Initializing
[INFO ] 2026-04-23 14:21:52.094 [main] LoginDemo - Login UnSuccessfull
[DEBUG] 2026-04-23 14:21:52.567 [main] PackageRelationshipCollection - Parsing relationship: /xl/_rels/workbook.xml.rels
[DEBUG] 2026-04-23 14:21:52.571 [main] PackageRelationshipCollection - Parsing relationship: /xl/worksheets/_rels/sheet1.xml.rels
[DEBUG] 2026-04-23 14:21:52.574 [main] PackageRelationshipCollection - Parsing relationship: /xl/worksheets/_rels/sheet2.xml.rels
[DEBUG] 2026-04-23 14:21:52.577 [main] PackageRelationshipCollection - Parsing relationship: /_rels/.rels
[INFO ] 2026-04-23 14:21:52.651 [main] LoginDemo - Browser Initializing
[INFO ] 2026-04-23 14:21:53.534 [main] LoginDemo - Browser Opened
[INFO ] 2026-04-23 14:21:54.873 [main] LoginDemo - Browser Opened
[INFO ] 2026-04-23 14:21:55.501 [main] LoginDemo - URL Launched in browser
[INFO ] 2026-04-23 14:21:56.382 [main] LoginDemo - Entering email: mp3gaming12@gmail.com
[INFO ] 2026-04-23 14:21:56.874 [main] LoginDemo - URL Launched in browser
[INFO ] 2026-04-23 14:21:57.306 [main] LoginDemo - Enetering Password
[INFO ] 2026-04-23 14:21:57.783 [main] LoginDemo - Clicked Login
[INFO ] 2026-04-23 14:21:57.794 [main] LoginDemo - Entering email: mp3gaming12@gmail.com
[INFO ] 2026-04-23 14:21:58.188 [main] LoginDemo - Enetering Password
[INFO ] 2026-04-23 14:21:58.452 [main] LoginDemo - Login UnSuccessfull
[INFO ] 2026-04-23 14:21:58.781 [main] LoginDemo - Clicked Login
[DEBUG] 2026-04-23 14:21:58.929 [main] PackageRelationshipCollection - Parsing relationship: /xl/_rels/workbook.xml.rels
[DEBUG] 2026-04-23 14:21:58.935 [main] PackageRelationshipCollection - Parsing relationship: /xl/worksheets/_rels/sheet1.xml.rels
[DEBUG] 2026-04-23 14:21:58.938 [main] PackageRelationshipCollection - Parsing relationship: /xl/worksheets/_rels/sheet2.xml.rels
[DEBUG] 2026-04-23 14:21:58.941 [main] PackageRelationshipCollection - Parsing relationship: /_rels/.rels
[INFO ] 2026-04-23 14:21:59.015 [main] LoginDemo - Browser Initializing
[INFO ] 2026-04-23 14:22:00.133 [main] LoginDemo - Login Successfull
[INFO ] 2026-04-23 14:22:00.619 [main] LoginDemo - Browser Opened
[INFO ] 2026-04-23 14:22:02.035 [main] LoginDemo - URL Launched in browser
[INFO ] 2026-04-23 14:22:02.719 [main] LoginDemo - Entering email: mp3gaming12@gmail.com
[INFO ] 2026-04-23 14:22:03.346 [main] LoginDemo - Enetering Password
[INFO ] 2026-04-23 14:22:03.742 [main] LoginDemo - Clicked Login
[INFO ] 2026-04-23 14:22:05.331 [main] LoginDemo - Login Successfull
[DEBUG] 2026-04-23 14:23:34.026 [main] PackageRelationshipCollection - Parsing relationship: /xl/_rels/workbook.xml.rels
[DEBUG] 2026-04-23 14:23:34.031 [main] PackageRelationshipCollection - Parsing relationship: /xl/worksheets/_rels/sheet1.xml.rels
[DEBUG] 2026-04-23 14:23:34.033 [main] PackageRelationshipCollection - Parsing relationship: /xl/worksheets/_rels/sheet2.xml.rels
[DEBUG] 2026-04-23 14:23:34.034 [main] PackageRelationshipCollection - Parsing relationship: /_rels/.rels
[INFO ] 2026-04-23 14:23:34.465 [main] LoginDemo - Browser Initializing
[INFO ] 2026-04-23 14:23:36.390 [main] LoginDemo - Browser Opened
[INFO ] 2026-04-23 14:23:38.287 [main] LoginDemo - URL Launched in browser
[INFO ] 2026-04-23 14:23:39.074 [main] LoginDemo - Entering email: mp3gaming12@gmail.com
[INFO ] 2026-04-23 14:23:39.699 [main] LoginDemo - Enetering Password
[INFO ] 2026-04-23 14:23:40.117 [main] LoginDemo - Clicked Login
[INFO ] 2026-04-23 14:23:41.805 [main] LoginDemo - Login Successfull
[DEBUG] 2026-04-23 14:23:42.217 [main] PackageRelationshipCollection - Parsing relationship: /xl/_rels/workbook.xml.rels
[DEBUG] 2026-04-23 14:23:42.220 [main] PackageRelationshipCollection - Parsing relationship: /xl/worksheets/_rels/sheet1.xml.rels
[DEBUG] 2026-04-23 14:23:42.223 [main] PackageRelationshipCollection - Parsing relationship: /xl/worksheets/_rels/sheet2.xml.rels
[DEBUG] 2026-04-23 14:23:42.225 [main] PackageRelationshipCollection - Parsing relationship: /_rels/.rels
[INFO ] 2026-04-23 14:23:42.291 [TestNG-PoolService-1] LoginDemo - Browser Initializing
[INFO ] 2026-04-23 14:23:42.292 [TestNG-PoolService-2] LoginDemo - Browser Initializing
[INFO ] 2026-04-23 14:23:44.033 [TestNG-PoolService-1] LoginDemo - Browser Opened
[INFO ] 2026-04-23 14:23:44.159 [TestNG-PoolService-2] LoginDemo - Browser Opened
[INFO ] 2026-04-23 14:23:46.577 [TestNG-PoolService-2] LoginDemo - URL Launched in browser
[INFO ] 2026-04-23 14:23:46.832 [TestNG-PoolService-1] LoginDemo - URL Launched in browser
[INFO ] 2026-04-23 14:23:47.471 [TestNG-PoolService-2] LoginDemo - Entering email: mp3gaming12@gmail.com
[INFO ] 2026-04-23 14:23:47.651 [TestNG-PoolService-1] LoginDemo - Entering email: 123@gmail.com
[INFO ] 2026-04-23 14:23:47.845 [TestNG-PoolService-2] LoginDemo - Enetering Password
[INFO ] 2026-04-23 14:23:48.001 [TestNG-PoolService-1] LoginDemo - Enetering Password
[INFO ] 2026-04-23 14:23:48.425 [TestNG-PoolService-2] LoginDemo - Clicked Login
[INFO ] 2026-04-23 14:23:49.367 [TestNG-PoolService-1] LoginDemo - Clicked Login
[INFO ] 2026-04-23 14:23:49.496 [TestNG-PoolService-1] LoginDemo - Login UnSuccessfull
[INFO ] 2026-04-23 14:23:51.377 [TestNG-PoolService-2] LoginDemo - Login UnSuccessfull
[DEBUG] 2026-04-23 14:25:54.943 [main] PackageRelationshipCollection - Parsing relationship: /xl/_rels/workbook.xml.rels
[DEBUG] 2026-04-23 14:25:54.949 [main] PackageRelationshipCollection - Parsing relationship: /xl/worksheets/_rels/sheet1.xml.rels
[DEBUG] 2026-04-23 14:25:54.950 [main] PackageRelationshipCollection - Parsing relationship: /xl/worksheets/_rels/sheet2.xml.rels
[DEBUG] 2026-04-23 14:25:54.952 [main] PackageRelationshipCollection - Parsing relationship: /_rels/.rels
[INFO ] 2026-04-23 14:25:55.357 [main] LoginDemo - Browser Initializing
[INFO ] 2026-04-23 14:25:57.189 [main] LoginDemo - Browser Opened
[INFO ] 2026-04-23 14:25:59.468 [main] LoginDemo - URL Launched in browser
[INFO ] 2026-04-23 14:26:00.298 [main] LoginDemo - Entering email: mp3gaming12@gmail.com
[INFO ] 2026-04-23 14:26:00.624 [main] LoginDemo - Enetering Password
[INFO ] 2026-04-23 14:26:01.051 [main] LoginDemo - Clicked Login
[INFO ] 2026-04-23 14:26:02.952 [main] LoginDemo - Login Successfull
[DEBUG] 2026-04-23 14:26:03.334 [main] PackageRelationshipCollection - Parsing relationship: /xl/_rels/workbook.xml.rels
[DEBUG] 2026-04-23 14:26:03.337 [main] PackageRelationshipCollection - Parsing relationship: /xl/worksheets/_rels/sheet1.xml.rels
[DEBUG] 2026-04-23 14:26:03.339 [main] PackageRelationshipCollection - Parsing relationship: /xl/worksheets/_rels/sheet2.xml.rels
[DEBUG] 2026-04-23 14:26:03.341 [main] PackageRelationshipCollection - Parsing relationship: /_rels/.rels
[INFO ] 2026-04-23 14:26:03.408 [TestNG-PoolService-1] LoginDemo - Browser Initializing
[INFO ] 2026-04-23 14:26:03.408 [TestNG-PoolService-2] LoginDemo - Browser Initializing
[INFO ] 2026-04-23 14:26:05.171 [TestNG-PoolService-2] LoginDemo - Browser Opened
[INFO ] 2026-04-23 14:26:05.425 [TestNG-PoolService-1] LoginDemo - Browser Opened
[INFO ] 2026-04-23 14:26:08.600 [TestNG-PoolService-2] LoginDemo - URL Launched in browser
[INFO ] 2026-04-23 14:26:09.107 [TestNG-PoolService-1] LoginDemo - URL Launched in browser
[INFO ] 2026-04-23 14:26:09.574 [TestNG-PoolService-2] LoginDemo - Entering email: mp3gaming12@gmail.com
[INFO ] 2026-04-23 14:26:09.934 [TestNG-PoolService-2] LoginDemo - Enetering Password
[INFO ] 2026-04-23 14:26:10.123 [TestNG-PoolService-1] LoginDemo - Entering email: 123@gmail.com
[INFO ] 2026-04-23 14:26:10.447 [TestNG-PoolService-1] LoginDemo - Enetering Password
[INFO ] 2026-04-23 14:26:10.947 [TestNG-PoolService-1] LoginDemo - Clicked Login
[INFO ] 2026-04-23 14:26:11.156 [TestNG-PoolService-2] LoginDemo - Clicked Login
[ERROR] 2026-04-23 14:26:11.303 [TestNG-PoolService-2] LoginDemo - Test Failed For InvalidCase
[ERROR] 2026-04-23 14:26:11.851 [TestNG-PoolService-1] LoginDemo - Test Failed For InvalidCase
[DEBUG] 2026-04-23 14:28:56.334 [main] PackageRelationshipCollection - Parsing relationship: /xl/_rels/workbook.xml.rels
[DEBUG] 2026-04-23 14:28:56.341 [main] PackageRelationshipCollection - Parsing relationship: /xl/worksheets/_rels/sheet1.xml.rels
[DEBUG] 2026-04-23 14:28:56.344 [main] PackageRelationshipCollection - Parsing relationship: /xl/worksheets/_rels/sheet2.xml.rels
[DEBUG] 2026-04-23 14:28:56.346 [main] PackageRelationshipCollection - Parsing relationship: /_rels/.rels
[INFO ] 2026-04-23 14:28:56.799 [main] LoginDemo - Browser Initializing
[INFO ] 2026-04-23 14:28:58.806 [main] LoginDemo - Browser Opened
[INFO ] 2026-04-23 14:29:00.319 [main] LoginDemo - URL Launched in browser
[INFO ] 2026-04-23 14:29:01.048 [main] LoginDemo - Entering email: mp3gaming12@gmail.com
[INFO ] 2026-04-23 14:29:02.171 [main] LoginDemo - Enetering Password
[INFO ] 2026-04-23 14:29:02.605 [main] LoginDemo - Clicked Login
[INFO ] 2026-04-23 14:29:04.190 [main] LoginDemo - Login Successfull
[DEBUG] 2026-04-23 14:29:04.594 [main] PackageRelationshipCollection - Parsing relationship: /xl/_rels/workbook.xml.rels
[DEBUG] 2026-04-23 14:29:04.597 [main] PackageRelationshipCollection - Parsing relationship: /xl/worksheets/_rels/sheet1.xml.rels
[DEBUG] 2026-04-23 14:29:04.599 [main] PackageRelationshipCollection - Parsing relationship: /xl/worksheets/_rels/sheet2.xml.rels
[DEBUG] 2026-04-23 14:29:04.601 [main] PackageRelationshipCollection - Parsing relationship: /_rels/.rels
[INFO ] 2026-04-23 14:29:04.665 [TestNG-PoolService-1] LoginDemo - Browser Initializing
[INFO ] 2026-04-23 14:29:04.666 [TestNG-PoolService-2] LoginDemo - Browser Initializing
[INFO ] 2026-04-23 14:29:06.481 [TestNG-PoolService-1] LoginDemo - Browser Opened
[INFO ] 2026-04-23 14:29:06.641 [TestNG-PoolService-2] LoginDemo - Browser Opened
[INFO ] 2026-04-23 14:29:09.175 [TestNG-PoolService-1] LoginDemo - URL Launched in browser
[INFO ] 2026-04-23 14:29:10.658 [TestNG-PoolService-2] LoginDemo - URL Launched in browser
[INFO ] 2026-04-23 14:29:10.716 [TestNG-PoolService-1] LoginDemo - Entering email: 123@gmail.com
[INFO ] 2026-04-23 14:29:11.066 [TestNG-PoolService-1] LoginDemo - Enetering Password
[INFO ] 2026-04-23 14:29:11.512 [TestNG-PoolService-1] LoginDemo - Clicked Login
[INFO ] 2026-04-23 14:29:11.601 [TestNG-PoolService-2] LoginDemo - Entering email: mp3gaming12@gmail.com
[INFO ] 2026-04-23 14:29:11.915 [TestNG-PoolService-2] LoginDemo - Enetering Password
[INFO ] 2026-04-23 14:29:13.077 [TestNG-PoolService-2] LoginDemo - Clicked Login
[DEBUG] 2026-04-23 14:30:36.450 [main] PackageRelationshipCollection - Parsing relationship: /xl/_rels/workbook.xml.rels
[DEBUG] 2026-04-23 14:30:36.455 [main] PackageRelationshipCollection - Parsing relationship: /xl/worksheets/_rels/sheet1.xml.rels
[DEBUG] 2026-04-23 14:30:36.458 [main] PackageRelationshipCollection - Parsing relationship: /xl/worksheets/_rels/sheet2.xml.rels
[DEBUG] 2026-04-23 14:30:36.459 [main] PackageRelationshipCollection - Parsing relationship: /_rels/.rels
[INFO ] 2026-04-23 14:30:36.896 [TestNG-PoolService-1] LoginDemo - Browser Initializing
[INFO ] 2026-04-23 14:30:36.896 [TestNG-PoolService-2] LoginDemo - Browser Initializing
[INFO ] 2026-04-23 14:30:39.062 [TestNG-PoolService-2] LoginDemo - Browser Opened
[INFO ] 2026-04-23 14:30:39.078 [TestNG-PoolService-1] LoginDemo - Browser Opened
[INFO ] 2026-04-23 14:30:41.535 [TestNG-PoolService-1] LoginDemo - URL Launched in browser
[INFO ] 2026-04-23 14:30:43.284 [TestNG-PoolService-1] LoginDemo - Entering email: 123@gmail.com
[INFO ] 2026-04-23 14:30:43.615 [TestNG-PoolService-1] LoginDemo - Enetering Password
[INFO ] 2026-04-23 14:30:43.674 [TestNG-PoolService-2] LoginDemo - URL Launched in browser
[INFO ] 2026-04-23 14:30:44.188 [TestNG-PoolService-1] LoginDemo - Clicked Login
[INFO ] 2026-04-23 14:30:44.910 [TestNG-PoolService-2] LoginDemo - Entering email: mp3gaming12@gmail.com
[INFO ] 2026-04-23 14:30:45.208 [TestNG-PoolService-2] LoginDemo - Enetering Password
[INFO ] 2026-04-23 14:30:46.474 [TestNG-PoolService-2] LoginDemo - Clicked Login
[DEBUG] 2026-04-23 14:31:32.938 [main] PackageRelationshipCollection - Parsing relationship: /xl/_rels/workbook.xml.rels
[DEBUG] 2026-04-23 14:31:32.945 [main] PackageRelationshipCollection - Parsing relationship: /xl/worksheets/_rels/sheet1.xml.rels
[DEBUG] 2026-04-23 14:31:32.946 [main] PackageRelationshipCollection - Parsing relationship: /xl/worksheets/_rels/sheet2.xml.rels
[DEBUG] 2026-04-23 14:31:32.948 [main] PackageRelationshipCollection - Parsing relationship: /_rels/.rels
[INFO ] 2026-04-23 14:31:33.368 [main] LoginDemo - Browser Initializing
[INFO ] 2026-04-23 14:31:35.241 [main] LoginDemo - Browser Opened
[INFO ] 2026-04-23 14:31:36.587 [main] LoginDemo - URL Launched in browser
[INFO ] 2026-04-23 14:31:37.371 [main] LoginDemo - Entering email: mp3gaming12@gmail.com
[INFO ] 2026-04-23 14:31:38.610 [main] LoginDemo - Enetering Password
[INFO ] 2026-04-23 14:31:39.030 [main] LoginDemo - Clicked Login
[INFO ] 2026-04-23 14:31:41.844 [main] LoginDemo - Login Successfull
[DEBUG] 2026-04-23 14:31:42.201 [main] PackageRelationshipCollection - Parsing relationship: /xl/_rels/workbook.xml.rels
[DEBUG] 2026-04-23 14:31:42.206 [main] PackageRelationshipCollection - Parsing relationship: /xl/worksheets/_rels/sheet1.xml.rels
[DEBUG] 2026-04-23 14:31:42.209 [main] PackageRelationshipCollection - Parsing relationship: /xl/worksheets/_rels/sheet2.xml.rels
[DEBUG] 2026-04-23 14:31:42.211 [main] PackageRelationshipCollection - Parsing relationship: /_rels/.rels
[INFO ] 2026-04-23 14:31:42.277 [TestNG-PoolService-1] LoginDemo - Browser Initializing
[INFO ] 2026-04-23 14:31:42.278 [TestNG-PoolService-2] LoginDemo - Browser Initializing
[INFO ] 2026-04-23 14:31:44.051 [TestNG-PoolService-1] LoginDemo - Browser Opened
[INFO ] 2026-04-23 14:31:44.129 [TestNG-PoolService-2] LoginDemo - Browser Opened
[INFO ] 2026-04-23 14:31:48.502 [TestNG-PoolService-1] LoginDemo - URL Launched in browser
[INFO ] 2026-04-23 14:31:48.888 [TestNG-PoolService-2] LoginDemo - URL Launched in browser
[INFO ] 2026-04-23 14:31:49.377 [TestNG-PoolService-1] LoginDemo - Entering email: 123@gmail.com
[INFO ] 2026-04-23 14:31:49.666 [TestNG-PoolService-1] LoginDemo - Enetering Password
[INFO ] 2026-04-23 14:31:49.802 [TestNG-PoolService-2] LoginDemo - Entering email: mp3gaming12@gmail.com
[INFO ] 2026-04-23 14:31:50.121 [TestNG-PoolService-2] LoginDemo - Enetering Password
[INFO ] 2026-04-23 14:31:51.008 [TestNG-PoolService-1] LoginDemo - Clicked Login
[INFO ] 2026-04-23 14:31:51.117 [TestNG-PoolService-1] LoginDemo - Login UnSuccessfull
[INFO ] 2026-04-23 14:31:51.526 [TestNG-PoolService-2] LoginDemo - Clicked Login
[INFO ] 2026-04-23 14:31:51.637 [TestNG-PoolService-2] LoginDemo - Login UnSuccessfull
[DEBUG] 2026-04-23 14:32:40.623 [main] PackageRelationshipCollection - Parsing relationship: /xl/_rels/workbook.xml.rels
[DEBUG] 2026-04-23 14:32:40.629 [main] PackageRelationshipCollection - Parsing relationship: /xl/worksheets/_rels/sheet1.xml.rels
[DEBUG] 2026-04-23 14:32:40.631 [main] PackageRelationshipCollection - Parsing relationship: /xl/worksheets/_rels/sheet2.xml.rels
[DEBUG] 2026-04-23 14:32:40.632 [main] PackageRelationshipCollection - Parsing relationship: /_rels/.rels
[INFO ] 2026-04-23 14:32:41.017 [main] LoginDemo - Browser Initializing
[INFO ] 2026-04-23 14:32:42.742 [main] LoginDemo - Browser Opened
[INFO ] 2026-04-23 14:32:44.410 [main] LoginDemo - URL Launched in browser
[INFO ] 2026-04-23 14:32:45.167 [main] LoginDemo - Entering email: mp3gaming12@gmail.com
[INFO ] 2026-04-23 14:32:46.331 [main] LoginDemo - Enetering Password
[INFO ] 2026-04-23 14:32:46.782 [main] LoginDemo - Clicked Login
[INFO ] 2026-04-23 14:32:48.300 [main] LoginDemo - Login Successfull
[DEBUG] 2026-04-23 14:32:48.746 [main] PackageRelationshipCollection - Parsing relationship: /xl/_rels/workbook.xml.rels
[DEBUG] 2026-04-23 14:32:48.750 [main] PackageRelationshipCollection - Parsing relationship: /xl/worksheets/_rels/sheet1.xml.rels
[DEBUG] 2026-04-23 14:32:48.752 [main] PackageRelationshipCollection - Parsing relationship: /xl/worksheets/_rels/sheet2.xml.rels
[DEBUG] 2026-04-23 14:32:48.754 [main] PackageRelationshipCollection - Parsing relationship: /_rels/.rels
[INFO ] 2026-04-23 14:32:48.821 [TestNG-PoolService-2] LoginDemo - Browser Initializing
[INFO ] 2026-04-23 14:32:48.821 [TestNG-PoolService-1] LoginDemo - Browser Initializing
[INFO ] 2026-04-23 14:32:50.601 [TestNG-PoolService-1] LoginDemo - Browser Opened
[INFO ] 2026-04-23 14:32:50.757 [TestNG-PoolService-2] LoginDemo - Browser Opened
[INFO ] 2026-04-23 14:32:52.958 [TestNG-PoolService-1] LoginDemo - URL Launched in browser
[INFO ] 2026-04-23 14:32:53.885 [TestNG-PoolService-1] LoginDemo - Entering email: 123@gmail.com
[INFO ] 2026-04-23 14:32:53.922 [TestNG-PoolService-2] LoginDemo - URL Launched in browser
[INFO ] 2026-04-23 14:32:54.190 [TestNG-PoolService-1] LoginDemo - Enetering Password
[INFO ] 2026-04-23 14:32:54.664 [TestNG-PoolService-1] LoginDemo - Clicked Login
[INFO ] 2026-04-23 14:32:54.878 [TestNG-PoolService-2] LoginDemo - Entering email: mp3gaming12@gmail.com
[INFO ] 2026-04-23 14:32:55.197 [TestNG-PoolService-2] LoginDemo - Enetering Password
[INFO ] 2026-04-23 14:32:55.517 [TestNG-PoolService-1] LoginDemo - Login UnSuccessfull
[INFO ] 2026-04-23 14:32:56.388 [TestNG-PoolService-2] LoginDemo - Clicked Login
[INFO ] 2026-04-23 14:32:56.499 [TestNG-PoolService-2] LoginDemo - Login UnSuccessfull
[DEBUG] 2026-04-23 15:16:29.380 [main] PackageRelationshipCollection - Parsing relationship: /xl/_rels/workbook.xml.rels
[DEBUG] 2026-04-23 15:16:29.388 [main] PackageRelationshipCollection - Parsing relationship: /xl/worksheets/_rels/sheet1.xml.rels
[DEBUG] 2026-04-23 15:16:29.389 [main] PackageRelationshipCollection - Parsing relationship: /xl/worksheets/_rels/sheet2.xml.rels
[DEBUG] 2026-04-23 15:16:29.391 [main] PackageRelationshipCollection - Parsing relationship: /_rels/.rels
[INFO ] 2026-04-23 15:16:29.879 [main] LoginDemo - Browser Initializing
[INFO ] 2026-04-23 15:16:32.803 [main] LoginDemo - Browser Opened
[INFO ] 2026-04-23 15:16:34.639 [main] LoginDemo - URL Launched in browser
[INFO ] 2026-04-23 15:16:35.452 [main] LoginDemo - Entering email: mp3gaming12@gmail.com
[INFO ] 2026-04-23 15:16:36.411 [main] LoginDemo - Enetering Password
[INFO ] 2026-04-23 15:16:36.814 [main] LoginDemo - Clicked Login
[INFO ] 2026-04-23 15:16:38.828 [main] LoginDemo - Login Successfull
[DEBUG] 2026-04-23 15:16:39.278 [main] PackageRelationshipCollection - Parsing relationship: /xl/_rels/workbook.xml.rels
[DEBUG] 2026-04-23 15:16:39.281 [main] PackageRelationshipCollection - Parsing relationship: /xl/worksheets/_rels/sheet1.xml.rels
[DEBUG] 2026-04-23 15:16:39.285 [main] PackageRelationshipCollection - Parsing relationship: /xl/worksheets/_rels/sheet2.xml.rels
[DEBUG] 2026-04-23 15:16:39.288 [main] PackageRelationshipCollection - Parsing relationship: /_rels/.rels
[INFO ] 2026-04-23 15:16:39.349 [TestNG-PoolService-1] LoginDemo - Browser Initializing
[INFO ] 2026-04-23 15:16:39.350 [TestNG-PoolService-2] LoginDemo - Browser Initializing
[INFO ] 2026-04-23 15:16:41.254 [TestNG-PoolService-1] LoginDemo - Browser Opened
[INFO ] 2026-04-23 15:16:41.404 [TestNG-PoolService-2] LoginDemo - Browser Opened
[INFO ] 2026-04-23 15:16:44.047 [TestNG-PoolService-1] LoginDemo - URL Launched in browser
[INFO ] 2026-04-23 15:16:44.293 [TestNG-PoolService-2] LoginDemo - URL Launched in browser
[INFO ] 2026-04-23 15:16:44.954 [TestNG-PoolService-1] LoginDemo - Entering email: 123@gmail.com
[INFO ] 2026-04-23 15:16:45.332 [TestNG-PoolService-1] LoginDemo - Enetering Password
[INFO ] 2026-04-23 15:16:45.407 [TestNG-PoolService-2] LoginDemo - Entering email: mp3gaming12@gmail.com
[INFO ] 2026-04-23 15:16:45.814 [TestNG-PoolService-2] LoginDemo - Enetering Password
[INFO ] 2026-04-23 15:16:45.861 [TestNG-PoolService-1] LoginDemo - Clicked Login
[INFO ] 2026-04-23 15:16:46.364 [TestNG-PoolService-2] LoginDemo - Clicked Login
[DEBUG] 2026-04-24 20:24:41.830 [main] PackageRelationshipCollection - Parsing relationship: /xl/_rels/workbook.xml.rels
[DEBUG] 2026-04-24 20:24:41.842 [main] PackageRelationshipCollection - Parsing relationship: /xl/worksheets/_rels/sheet1.xml.rels
[DEBUG] 2026-04-24 20:24:41.845 [main] PackageRelationshipCollection - Parsing relationship: /xl/worksheets/_rels/sheet2.xml.rels
[DEBUG] 2026-04-24 20:24:41.845 [main] PackageRelationshipCollection - Parsing relationship: /_rels/.rels
[INFO ] 2026-04-24 20:24:42.443 [main] LoginDemo - Browser Initializing
[INFO ] 2026-04-24 20:24:51.278 [main] LoginDemo - Browser Opened
[INFO ] 2026-04-24 20:24:52.874 [main] LoginDemo - URL Launched in browser
[INFO ] 2026-04-24 20:24:53.698 [main] LoginDemo - Entering email: mp3gaming12@gmail.com
[INFO ] 2026-04-24 20:24:54.961 [main] LoginDemo - Enetering Password
[INFO ] 2026-04-24 20:24:55.348 [main] LoginDemo - Clicked Login
[INFO ] 2026-04-24 20:24:57.322 [main] LoginDemo - Login Successfull
[DEBUG] 2026-04-24 20:24:57.804 [main] PackageRelationshipCollection - Parsing relationship: /xl/_rels/workbook.xml.rels
[DEBUG] 2026-04-24 20:24:57.808 [main] PackageRelationshipCollection - Parsing relationship: /xl/worksheets/_rels/sheet1.xml.rels
[DEBUG] 2026-04-24 20:24:57.811 [main] PackageRelationshipCollection - Parsing relationship: /xl/worksheets/_rels/sheet2.xml.rels
[DEBUG] 2026-04-24 20:24:57.814 [main] PackageRelationshipCollection - Parsing relationship: /_rels/.rels
[INFO ] 2026-04-24 20:24:57.880 [TestNG-PoolService-1] LoginDemo - Browser Initializing
[INFO ] 2026-04-24 20:24:57.880 [TestNG-PoolService-2] LoginDemo - Browser Initializing
[INFO ] 2026-04-24 20:24:59.843 [TestNG-PoolService-1] LoginDemo - Browser Opened
[INFO ] 2026-04-24 20:24:59.920 [TestNG-PoolService-2] LoginDemo - Browser Opened
[INFO ] 2026-04-24 20:25:03.062 [TestNG-PoolService-1] LoginDemo - URL Launched in browser
[INFO ] 2026-04-24 20:25:04.222 [TestNG-PoolService-2] LoginDemo - URL Launched in browser
[INFO ] 2026-04-24 20:25:04.459 [TestNG-PoolService-1] LoginDemo - Entering email: 123@gmail.com
[INFO ] 2026-04-24 20:25:04.867 [TestNG-PoolService-1] LoginDemo - Enetering Password
[INFO ] 2026-04-24 20:25:05.342 [TestNG-PoolService-1] LoginDemo - Clicked Login
[INFO ] 2026-04-24 20:25:05.987 [TestNG-PoolService-2] LoginDemo - Entering email: mp3gaming12@gmail.com
[INFO ] 2026-04-24 20:25:06.298 [TestNG-PoolService-2] LoginDemo - Enetering Password
[INFO ] 2026-04-24 20:25:10.135 [TestNG-PoolService-1] LoginDemo - Login UnSuccessfull
[INFO ] 2026-04-24 20:25:10.306 [TestNG-PoolService-2] LoginDemo - Clicked Login
[INFO ] 2026-04-24 20:25:10.427 [TestNG-PoolService-2] LoginDemo - Login UnSuccessfull
[DEBUG] 2026-04-24 20:25:36.059 [main] PackageRelationshipCollection - Parsing relationship: /xl/_rels/workbook.xml.rels
[DEBUG] 2026-04-24 20:25:36.067 [main] PackageRelationshipCollection - Parsing relationship: /xl/worksheets/_rels/sheet1.xml.rels
[DEBUG] 2026-04-24 20:25:36.070 [main] PackageRelationshipCollection - Parsing relationship: /xl/worksheets/_rels/sheet2.xml.rels
[DEBUG] 2026-04-24 20:25:36.072 [main] PackageRelationshipCollection - Parsing relationship: /_rels/.rels
[INFO ] 2026-04-24 20:25:36.487 [main] LoginDemo - Browser Initializing
[INFO ] 2026-04-24 20:25:38.472 [main] LoginDemo - Browser Opened
[INFO ] 2026-04-24 20:25:40.528 [main] LoginDemo - URL Launched in browser
[INFO ] 2026-04-24 20:25:41.285 [main] LoginDemo - Entering email: mp3gaming12@gmail.com
[INFO ] 2026-04-24 20:25:41.933 [main] LoginDemo - Enetering Password
[INFO ] 2026-04-24 20:25:42.358 [main] LoginDemo - Clicked Login
[INFO ] 2026-04-24 20:25:44.730 [main] LoginDemo - Login Successfull
[DEBUG] 2026-04-24 20:25:45.156 [main] PackageRelationshipCollection - Parsing relationship: /xl/_rels/workbook.xml.rels
[DEBUG] 2026-04-24 20:25:45.160 [main] PackageRelationshipCollection - Parsing relationship: /xl/worksheets/_rels/sheet1.xml.rels
[DEBUG] 2026-04-24 20:25:45.162 [main] PackageRelationshipCollection - Parsing relationship: /xl/worksheets/_rels/sheet2.xml.rels
[DEBUG] 2026-04-24 20:25:45.164 [main] PackageRelationshipCollection - Parsing relationship: /_rels/.rels
[INFO ] 2026-04-24 20:25:45.234 [TestNG-PoolService-1] LoginDemo - Browser Initializing
[INFO ] 2026-04-24 20:25:45.234 [TestNG-PoolService-2] LoginDemo - Browser Initializing
[INFO ] 2026-04-24 20:25:47.160 [TestNG-PoolService-1] LoginDemo - Browser Opened
[INFO ] 2026-04-24 20:25:47.186 [TestNG-PoolService-2] LoginDemo - Browser Opened
[INFO ] 2026-04-24 20:25:48.914 [TestNG-PoolService-1] LoginDemo - URL Launched in browser
[INFO ] 2026-04-24 20:25:49.270 [TestNG-PoolService-2] LoginDemo - URL Launched in browser
[INFO ] 2026-04-24 20:25:49.709 [TestNG-PoolService-1] LoginDemo - Entering email: 123@gmail.com
[INFO ] 2026-04-24 20:25:50.128 [TestNG-PoolService-2] LoginDemo - Entering email: mp3gaming12@gmail.com
[INFO ] 2026-04-24 20:25:50.375 [TestNG-PoolService-1] LoginDemo - Enetering Password
[INFO ] 2026-04-24 20:25:50.632 [TestNG-PoolService-2] LoginDemo - Enetering Password
[INFO ] 2026-04-24 20:25:50.883 [TestNG-PoolService-1] LoginDemo - Clicked Login
[INFO ] 2026-04-24 20:25:51.175 [TestNG-PoolService-2] LoginDemo - Clicked Login
[ERROR] 2026-04-24 20:25:53.899 [TestNG-PoolService-1] LoginDemo - Test Failed For InvalidCase
[ERROR] 2026-04-24 20:25:54.121 [TestNG-PoolService-2] LoginDemo - Test Failed For InvalidCase
[DEBUG] 2026-04-24 20:27:09.936 [main] PackageRelationshipCollection - Parsing relationship: /xl/_rels/workbook.xml.rels
[DEBUG] 2026-04-24 20:27:09.942 [main] PackageRelationshipCollection - Parsing relationship: /xl/worksheets/_rels/sheet1.xml.rels
[DEBUG] 2026-04-24 20:27:09.944 [main] PackageRelationshipCollection - Parsing relationship: /xl/worksheets/_rels/sheet2.xml.rels
[DEBUG] 2026-04-24 20:27:09.946 [main] PackageRelationshipCollection - Parsing relationship: /_rels/.rels
[INFO ] 2026-04-24 20:27:10.386 [main] LoginDemo - Browser Initializing
[INFO ] 2026-04-24 20:27:13.315 [main] LoginDemo - Browser Opened
[INFO ] 2026-04-24 20:27:14.762 [main] LoginDemo - URL Launched in browser
[INFO ] 2026-04-24 20:27:15.779 [main] LoginDemo - Entering email: mp3gaming12@gmail.com
[INFO ] 2026-04-24 20:27:17.155 [main] LoginDemo - Enetering Password
[INFO ] 2026-04-24 20:27:17.598 [main] LoginDemo - Clicked Login
[INFO ] 2026-04-24 20:27:19.521 [main] LoginDemo - Login Successfull
[DEBUG] 2026-04-24 20:27:19.966 [main] PackageRelationshipCollection - Parsing relationship: /xl/_rels/workbook.xml.rels
[DEBUG] 2026-04-24 20:27:19.971 [main] PackageRelationshipCollection - Parsing relationship: /xl/worksheets/_rels/sheet1.xml.rels
[DEBUG] 2026-04-24 20:27:19.974 [main] PackageRelationshipCollection - Parsing relationship: /xl/worksheets/_rels/sheet2.xml.rels
[DEBUG] 2026-04-24 20:27:19.976 [main] PackageRelationshipCollection - Parsing relationship: /_rels/.rels
[INFO ] 2026-04-24 20:27:20.042 [TestNG-PoolService-1] LoginDemo - Browser Initializing
[INFO ] 2026-04-24 20:27:20.042 [TestNG-PoolService-2] LoginDemo - Browser Initializing
[INFO ] 2026-04-24 20:27:21.877 [TestNG-PoolService-2] LoginDemo - Browser Opened
[INFO ] 2026-04-24 20:27:22.112 [TestNG-PoolService-1] LoginDemo - Browser Opened
[INFO ] 2026-04-24 20:27:23.332 [TestNG-PoolService-2] LoginDemo - URL Launched in browser
[INFO ] 2026-04-24 20:27:23.915 [TestNG-PoolService-1] LoginDemo - URL Launched in browser
[INFO ] 2026-04-24 20:27:24.341 [TestNG-PoolService-2] LoginDemo - Entering email: mp3gaming12@gmail.com
[INFO ] 2026-04-24 20:27:24.873 [TestNG-PoolService-1] LoginDemo - Entering email: 123@gmail.com
[INFO ] 2026-04-24 20:27:25.328 [TestNG-PoolService-2] LoginDemo - Enetering Password
[INFO ] 2026-04-24 20:27:25.748 [TestNG-PoolService-1] LoginDemo - Enetering Password
[INFO ] 2026-04-24 20:27:25.814 [TestNG-PoolService-2] LoginDemo - Clicked Login
[INFO ] 2026-04-24 20:27:26.263 [TestNG-PoolService-1] LoginDemo - Clicked Login
[DEBUG] 2026-04-24 20:30:46.702 [main] PackageRelationshipCollection - Parsing relationship: /xl/_rels/workbook.xml.rels
[DEBUG] 2026-04-24 20:30:46.708 [main] PackageRelationshipCollection - Parsing relationship: /xl/worksheets/_rels/sheet1.xml.rels
[DEBUG] 2026-04-24 20:30:46.710 [main] PackageRelationshipCollection - Parsing relationship: /xl/worksheets/_rels/sheet2.xml.rels
[DEBUG] 2026-04-24 20:30:46.712 [main] PackageRelationshipCollection - Parsing relationship: /_rels/.rels
[INFO ] 2026-04-24 20:30:47.136 [main] LoginDemo - Browser Initializing
[INFO ] 2026-04-24 20:30:49.347 [main] LoginDemo - Browser Opened
[INFO ] 2026-04-24 20:30:52.735 [main] LoginDemo - URL Launched in browser
[INFO ] 2026-04-24 20:30:53.664 [main] LoginDemo - Entering email: mp3gaming12@gmail.com
[INFO ] 2026-04-24 20:30:53.995 [main] LoginDemo - Enetering Password
[INFO ] 2026-04-24 20:30:54.442 [main] LoginDemo - Clicked Login
[INFO ] 2026-04-24 20:30:56.148 [main] LoginDemo - Login Successfull
[DEBUG] 2026-04-24 20:30:56.607 [main] PackageRelationshipCollection - Parsing relationship: /xl/_rels/workbook.xml.rels
[DEBUG] 2026-04-24 20:30:56.611 [main] PackageRelationshipCollection - Parsing relationship: /xl/worksheets/_rels/sheet1.xml.rels
[DEBUG] 2026-04-24 20:30:56.613 [main] PackageRelationshipCollection - Parsing relationship: /xl/worksheets/_rels/sheet2.xml.rels
[DEBUG] 2026-04-24 20:30:56.617 [main] PackageRelationshipCollection - Parsing relationship: /_rels/.rels
[INFO ] 2026-04-24 20:30:56.684 [TestNG-PoolService-2] LoginDemo - Browser Initializing
[INFO ] 2026-04-24 20:30:56.684 [TestNG-PoolService-1] LoginDemo - Browser Initializing
[INFO ] 2026-04-24 20:30:58.673 [TestNG-PoolService-2] LoginDemo - Browser Opened
[INFO ] 2026-04-24 20:30:58.701 [TestNG-PoolService-1] LoginDemo - Browser Opened
[INFO ] 2026-04-24 20:31:00.179 [TestNG-PoolService-2] LoginDemo - URL Launched in browser
[INFO ] 2026-04-24 20:31:01.783 [TestNG-PoolService-2] LoginDemo - Entering email: mp3gaming12@gmail.com
[INFO ] 2026-04-24 20:31:01.845 [TestNG-PoolService-1] LoginDemo - URL Launched in browser
[INFO ] 2026-04-24 20:31:02.124 [TestNG-PoolService-2] LoginDemo - Enetering Password
[INFO ] 2026-04-24 20:31:02.623 [TestNG-PoolService-2] LoginDemo - Clicked Login
[INFO ] 2026-04-24 20:31:02.811 [TestNG-PoolService-1] LoginDemo - Entering email: 123@gmail.com
[INFO ] 2026-04-24 20:31:03.193 [TestNG-PoolService-1] LoginDemo - Enetering Password
[INFO ] 2026-04-24 20:31:03.640 [TestNG-PoolService-1] LoginDemo - Clicked Login
[DEBUG] 2026-04-24 20:32:28.488 [main] PackageRelationshipCollection - Parsing relationship: /xl/_rels/workbook.xml.rels
[DEBUG] 2026-04-24 20:32:28.495 [main] PackageRelationshipCollection - Parsing relationship: /xl/worksheets/_rels/sheet1.xml.rels
[DEBUG] 2026-04-24 20:32:28.497 [main] PackageRelationshipCollection - Parsing relationship: /xl/worksheets/_rels/sheet2.xml.rels
[DEBUG] 2026-04-24 20:32:28.498 [main] PackageRelationshipCollection - Parsing relationship: /_rels/.rels
[INFO ] 2026-04-24 20:32:28.927 [main] LoginDemo - Browser Initializing
[INFO ] 2026-04-24 20:32:31.195 [main] LoginDemo - Browser Opened
[INFO ] 2026-04-24 20:32:33.667 [main] LoginDemo - URL Launched in browser
[INFO ] 2026-04-24 20:32:34.585 [main] LoginDemo - Entering email: mp3gaming12@gmail.com
[INFO ] 2026-04-24 20:32:35.232 [main] LoginDemo - Enetering Password
[INFO ] 2026-04-24 20:32:35.736 [main] LoginDemo - Clicked Login
[INFO ] 2026-04-24 20:32:37.328 [main] LoginDemo - Login Successfull
[DEBUG] 2026-04-24 20:32:37.914 [main] PackageRelationshipCollection - Parsing relationship: /xl/_rels/workbook.xml.rels
[DEBUG] 2026-04-24 20:32:37.918 [main] PackageRelationshipCollection - Parsing relationship: /xl/worksheets/_rels/sheet1.xml.rels
[DEBUG] 2026-04-24 20:32:37.921 [main] PackageRelationshipCollection - Parsing relationship: /xl/worksheets/_rels/sheet2.xml.rels
[DEBUG] 2026-04-24 20:32:37.925 [main] PackageRelationshipCollection - Parsing relationship: /_rels/.rels
[INFO ] 2026-04-24 20:32:37.996 [TestNG-PoolService-2] LoginDemo - Browser Initializing
[INFO ] 2026-04-24 20:32:37.996 [TestNG-PoolService-1] LoginDemo - Browser Initializing
[INFO ] 2026-04-24 20:32:40.152 [TestNG-PoolService-2] LoginDemo - Browser Opened
[INFO ] 2026-04-24 20:32:40.157 [TestNG-PoolService-1] LoginDemo - Browser Opened
[INFO ] 2026-04-24 20:32:42.374 [TestNG-PoolService-2] LoginDemo - URL Launched in browser
[INFO ] 2026-04-24 20:32:43.226 [TestNG-PoolService-2] LoginDemo - Entering email: mp3gaming12@gmail.com
[INFO ] 2026-04-24 20:32:43.546 [TestNG-PoolService-1] LoginDemo - URL Launched in browser
[INFO ] 2026-04-24 20:32:43.922 [TestNG-PoolService-2] LoginDemo - Enetering Password
[INFO ] 2026-04-24 20:32:44.422 [TestNG-PoolService-2] LoginDemo - Clicked Login
[INFO ] 2026-04-24 20:32:44.558 [TestNG-PoolService-1] LoginDemo - Entering email: 123@gmail.com
[INFO ] 2026-04-24 20:32:44.916 [TestNG-PoolService-1] LoginDemo - Enetering Password
[INFO ] 2026-04-24 20:32:45.367 [TestNG-PoolService-1] LoginDemo - Clicked Login
[DEBUG] 2026-04-24 20:37:57.070 [main] PackageRelationshipCollection - Parsing relationship: /xl/_rels/workbook.xml.rels
[DEBUG] 2026-04-24 20:37:57.077 [main] PackageRelationshipCollection - Parsing relationship: /xl/worksheets/_rels/sheet1.xml.rels
[DEBUG] 2026-04-24 20:37:57.080 [main] PackageRelationshipCollection - Parsing relationship: /xl/worksheets/_rels/sheet2.xml.rels
[DEBUG] 2026-04-24 20:37:57.083 [main] PackageRelationshipCollection - Parsing relationship: /_rels/.rels
[INFO ] 2026-04-24 20:37:57.575 [main] LoginDemo - Browser Initializing
[INFO ] 2026-04-24 20:37:59.694 [main] LoginDemo - Browser Opened
[INFO ] 2026-04-24 20:38:01.424 [main] LoginDemo - URL Launched in browser
[INFO ] 2026-04-24 20:38:02.379 [main] LoginDemo - Entering email: mp3gaming12@gmail.com
[INFO ] 2026-04-24 20:38:03.450 [main] LoginDemo - Enetering Password
[INFO ] 2026-04-24 20:38:03.944 [main] LoginDemo - Clicked Login
[INFO ] 2026-04-24 20:38:06.076 [main] LoginDemo - Login Successfull
[DEBUG] 2026-04-24 20:38:06.503 [main] PackageRelationshipCollection - Parsing relationship: /xl/_rels/workbook.xml.rels
[DEBUG] 2026-04-24 20:38:06.507 [main] PackageRelationshipCollection - Parsing relationship: /xl/worksheets/_rels/sheet1.xml.rels
[DEBUG] 2026-04-24 20:38:06.509 [main] PackageRelationshipCollection - Parsing relationship: /xl/worksheets/_rels/sheet2.xml.rels
[DEBUG] 2026-04-24 20:38:06.512 [main] PackageRelationshipCollection - Parsing relationship: /_rels/.rels
[INFO ] 2026-04-24 20:38:06.579 [TestNG-PoolService-1] LoginDemo - Browser Initializing
[INFO ] 2026-04-24 20:38:06.579 [TestNG-PoolService-2] LoginDemo - Browser Initializing
[INFO ] 2026-04-24 20:38:08.421 [TestNG-PoolService-2] LoginDemo - Browser Opened
[INFO ] 2026-04-24 20:38:08.489 [TestNG-PoolService-1] LoginDemo - Browser Opened
[INFO ] 2026-04-24 20:38:09.988 [TestNG-PoolService-2] LoginDemo - URL Launched in browser
[INFO ] 2026-04-24 20:38:10.784 [TestNG-PoolService-2] LoginDemo - Entering email: mp3gaming12@gmail.com
[INFO ] 2026-04-24 20:38:11.637 [TestNG-PoolService-2] LoginDemo - Enetering Password
[INFO ] 2026-04-24 20:38:12.128 [TestNG-PoolService-2] LoginDemo - Clicked Login
[INFO ] 2026-04-24 20:38:12.799 [TestNG-PoolService-1] LoginDemo - URL Launched in browser
[INFO ] 2026-04-24 20:38:13.875 [TestNG-PoolService-1] LoginDemo - Entering email: 123@gmail.com
[INFO ] 2026-04-24 20:38:14.191 [TestNG-PoolService-1] LoginDemo - Enetering Password
[INFO ] 2026-04-24 20:38:15.340 [TestNG-PoolService-1] LoginDemo - Clicked Login
