[DEBUG] 2026-04-22 12:15:45.658 [main] PackageRelationshipCollection - Parsing relationship: /xl/_rels/workbook.xml.rels
[DEBUG] 2026-04-22 12:15:45.663 [main] PackageRelationshipCollection - Parsing relationship: /xl/worksheets/_rels/sheet1.xml.rels
[DEBUG] 2026-04-22 12:15:45.665 [main] PackageRelationshipCollection - Parsing relationship: /xl/worksheets/_rels/sheet2.xml.rels
[DEBUG] 2026-04-22 12:15:45.666 [main] PackageRelationshipCollection - Parsing relationship: /_rels/.rels
[DEBUG] 2026-04-22 12:15:55.376 [main] PackageRelationshipCollection - Parsing relationship: /xl/_rels/workbook.xml.rels
[DEBUG] 2026-04-22 12:15:55.378 [main] PackageRelationshipCollection - Parsing relationship: /xl/worksheets/_rels/sheet1.xml.rels
[DEBUG] 2026-04-22 12:15:55.380 [main] PackageRelationshipCollection - Parsing relationship: /xl/worksheets/_rels/sheet2.xml.rels
[DEBUG] 2026-04-22 12:15:55.381 [main] PackageRelationshipCollection - Parsing relationship: /_rels/.rels
[INFO ] 2026-04-22 12:15:56.071 [TestNG-PoolService-1] LoginTestDP - Browser Opened
[INFO ] 2026-04-22 12:15:56.742 [TestNG-PoolService-1] LoginTestDP - URL Launched and Opened
[INFO ] 2026-04-22 12:15:57.029 [TestNG-PoolService-1] LoginTestDP - Entering username: mp3gaming12@gmail.com
[INFO ] 2026-04-22 12:15:57.110 [TestNG-PoolService-1] LoginTestDP - Entering password
[DEBUG] 2026-04-22 12:21:20.151 [main] PackageRelationshipCollection - Parsing relationship: /xl/_rels/workbook.xml.rels
[DEBUG] 2026-04-22 12:21:20.155 [main] PackageRelationshipCollection - Parsing relationship: /xl/worksheets/_rels/sheet1.xml.rels
[DEBUG] 2026-04-22 12:21:20.156 [main] PackageRelationshipCollection - Parsing relationship: /xl/worksheets/_rels/sheet2.xml.rels
[DEBUG] 2026-04-22 12:21:20.157 [main] PackageRelationshipCollection - Parsing relationship: /_rels/.rels
[DEBUG] 2026-04-22 12:21:27.798 [main] PackageRelationshipCollection - Parsing relationship: /xl/_rels/workbook.xml.rels
[DEBUG] 2026-04-22 12:21:27.799 [main] PackageRelationshipCollection - Parsing relationship: /xl/worksheets/_rels/sheet1.xml.rels
[DEBUG] 2026-04-22 12:21:27.800 [main] PackageRelationshipCollection - Parsing relationship: /xl/worksheets/_rels/sheet2.xml.rels
[DEBUG] 2026-04-22 12:21:27.801 [main] PackageRelationshipCollection - Parsing relationship: /_rels/.rels
[INFO ] 2026-04-22 12:21:28.477 [TestNG-PoolService-1] LoginTestDP - Browser Opened
[INFO ] 2026-04-22 12:21:29.146 [TestNG-PoolService-1] LoginTestDP - URL Launched and Opened
[INFO ] 2026-04-22 12:21:29.484 [TestNG-PoolService-1] LoginTestDP - Entering username: mp3gaming12@gmail.com
[WARN ] 2026-04-22 12:21:29.589 [TestNG-PoolService-1] LoginTestDP - Remember Your Password
[DEBUG] 2026-04-22 12:22:50.483 [main] PackageRelationshipCollection - Parsing relationship: /xl/_rels/workbook.xml.rels
[DEBUG] 2026-04-22 12:22:50.487 [main] PackageRelationshipCollection - Parsing relationship: /xl/worksheets/_rels/sheet1.xml.rels
[DEBUG] 2026-04-22 12:22:50.488 [main] PackageRelationshipCollection - Parsing relationship: /xl/worksheets/_rels/sheet2.xml.rels
[DEBUG] 2026-04-22 12:22:50.489 [main] PackageRelationshipCollection - Parsing relationship: /_rels/.rels
[INFO ] 2026-04-22 12:22:51.803 [TestNG-PoolService-1] LoginTestDP - Browser Opened
[INFO ] 2026-04-22 12:22:52.472 [TestNG-PoolService-1] LoginTestDP - URL Launched and Opened
[INFO ] 2026-04-22 12:22:52.740 [TestNG-PoolService-1] LoginTestDP - Entering username: mp3gaming12@gmail.com
[WARN ] 2026-04-22 12:22:52.803 [TestNG-PoolService-1] LoginTestDP - Remember Your Password
[DEBUG] 2026-04-22 12:22:53.966 [main] PackageRelationshipCollection - Parsing relationship: /xl/_rels/workbook.xml.rels
[DEBUG] 2026-04-22 12:22:53.967 [main] PackageRelationshipCollection - Parsing relationship: /xl/worksheets/_rels/sheet1.xml.rels
[DEBUG] 2026-04-22 12:22:53.968 [main] PackageRelationshipCollection - Parsing relationship: /xl/worksheets/_rels/sheet2.xml.rels
[DEBUG] 2026-04-22 12:22:53.969 [main] PackageRelationshipCollection - Parsing relationship: /_rels/.rels
[DEBUG] 2026-04-22 12:27:15.127 [main] PackageRelationshipCollection - Parsing relationship: /xl/_rels/workbook.xml.rels
[DEBUG] 2026-04-22 12:27:15.132 [main] PackageRelationshipCollection - Parsing relationship: /xl/worksheets/_rels/sheet1.xml.rels
[DEBUG] 2026-04-22 12:27:15.133 [main] PackageRelationshipCollection - Parsing relationship: /xl/worksheets/_rels/sheet2.xml.rels
[DEBUG] 2026-04-22 12:27:15.134 [main] PackageRelationshipCollection - Parsing relationship: /_rels/.rels
[INFO ] 2026-04-22 12:27:16.447 [TestNG-PoolService-1] LoginTestDP - Browser Opened
[INFO ] 2026-04-22 12:27:17.178 [TestNG-PoolService-1] LoginTestDP - URL Launched and Opened
[INFO ] 2026-04-22 12:27:17.434 [TestNG-PoolService-1] LoginTestDP - Entering username: mp3gaming12@gmail.com
[WARN ] 2026-04-22 12:27:17.499 [TestNG-PoolService-1] LoginTestDP - Remember Your Password
[DEBUG] 2026-04-22 12:27:18.543 [main] PackageRelationshipCollection - Parsing relationship: /xl/_rels/workbook.xml.rels
[DEBUG] 2026-04-22 12:27:18.544 [main] PackageRelationshipCollection - Parsing relationship: /xl/worksheets/_rels/sheet1.xml.rels
[DEBUG] 2026-04-22 12:27:18.545 [main] PackageRelationshipCollection - Parsing relationship: /xl/worksheets/_rels/sheet2.xml.rels
[DEBUG] 2026-04-22 12:27:18.546 [main] PackageRelationshipCollection - Parsing relationship: /_rels/.rels
[WARN ] 2026-04-22 12:27:21.801 [TestNG-PoolService-1] LoginTestDP - Invalid username:mp3gaming12@gmail.com
[ERROR] 2026-04-22 12:27:21.801 [TestNG-PoolService-1] LoginTestDP - mp3gaming12@gmail.comis invalid
[WARN ] 2026-04-22 12:27:22.505 [TestNG-PoolService-2] LoginTestDP - Invalid username:abc@gmail.com
[ERROR] 2026-04-22 12:27:22.506 [TestNG-PoolService-2] LoginTestDP - abc@gmail.comis invalid
[DEBUG] 2026-04-22 12:35:38.639 [main] PackageRelationshipCollection - Parsing relationship: /xl/_rels/workbook.xml.rels
[DEBUG] 2026-04-22 12:35:38.643 [main] PackageRelationshipCollection - Parsing relationship: /xl/worksheets/_rels/sheet1.xml.rels
[DEBUG] 2026-04-22 12:35:38.645 [main] PackageRelationshipCollection - Parsing relationship: /xl/worksheets/_rels/sheet2.xml.rels
[DEBUG] 2026-04-22 12:35:38.646 [main] PackageRelationshipCollection - Parsing relationship: /_rels/.rels
[INFO ] 2026-04-22 12:35:40.006 [TestNG-PoolService-1] LoginTestDP - Browser Opened
[INFO ] 2026-04-22 12:35:40.653 [TestNG-PoolService-1] LoginTestDP - URL Launched and Opened
[INFO ] 2026-04-22 12:35:40.932 [TestNG-PoolService-1] LoginTestDP - Entering username: mp3gaming12@gmail.com
[WARN ] 2026-04-22 12:35:40.995 [TestNG-PoolService-1] LoginTestDP - Remember Your Password
[DEBUG] 2026-04-22 12:35:42.127 [main] PackageRelationshipCollection - Parsing relationship: /xl/_rels/workbook.xml.rels
[DEBUG] 2026-04-22 12:35:42.128 [main] PackageRelationshipCollection - Parsing relationship: /xl/worksheets/_rels/sheet1.xml.rels
[DEBUG] 2026-04-22 12:35:42.130 [main] PackageRelationshipCollection - Parsing relationship: /xl/worksheets/_rels/sheet2.xml.rels
[DEBUG] 2026-04-22 12:35:42.131 [main] PackageRelationshipCollection - Parsing relationship: /_rels/.rels
[WARN ] 2026-04-22 12:35:45.556 [TestNG-PoolService-2] LoginTestDP - Invalid username:abc@gmail.com
[ERROR] 2026-04-22 12:35:45.556 [TestNG-PoolService-2] LoginTestDP - abc@gmail.comis invalidexpected [true] but found [false]
[WARN ] 2026-04-22 12:35:45.693 [TestNG-PoolService-1] LoginTestDP - Invalid username:mp3gaming12@gmail.com
[ERROR] 2026-04-22 12:35:45.693 [TestNG-PoolService-1] LoginTestDP - mp3gaming12@gmail.comis invalidexpected [true] but found [false]
[DEBUG] 2026-04-22 12:37:12.671 [main] PackageRelationshipCollection - Parsing relationship: /xl/_rels/workbook.xml.rels
[DEBUG] 2026-04-22 12:37:12.676 [main] PackageRelationshipCollection - Parsing relationship: /xl/worksheets/_rels/sheet1.xml.rels
[DEBUG] 2026-04-22 12:37:12.677 [main] PackageRelationshipCollection - Parsing relationship: /xl/worksheets/_rels/sheet2.xml.rels
[DEBUG] 2026-04-22 12:37:12.678 [main] PackageRelationshipCollection - Parsing relationship: /_rels/.rels
[INFO ] 2026-04-22 12:37:13.980 [TestNG-PoolService-1] LoginTestDP - Browser Opened
[INFO ] 2026-04-22 12:37:14.912 [TestNG-PoolService-1] LoginTestDP - URL Launched and Opened
[INFO ] 2026-04-22 12:37:15.162 [TestNG-PoolService-1] LoginTestDP - Entering username: mp3gaming12@gmail.com
[WARN ] 2026-04-22 12:37:15.234 [TestNG-PoolService-1] LoginTestDP - Remember Your Password
[DEBUG] 2026-04-22 12:37:16.466 [main] PackageRelationshipCollection - Parsing relationship: /xl/_rels/workbook.xml.rels
[DEBUG] 2026-04-22 12:37:16.467 [main] PackageRelationshipCollection - Parsing relationship: /xl/worksheets/_rels/sheet1.xml.rels
[DEBUG] 2026-04-22 12:37:16.468 [main] PackageRelationshipCollection - Parsing relationship: /xl/worksheets/_rels/sheet2.xml.rels
[DEBUG] 2026-04-22 12:37:16.468 [main] PackageRelationshipCollection - Parsing relationship: /_rels/.rels
[WARN ] 2026-04-22 12:37:20.019 [TestNG-PoolService-1] LoginTestDP - Invalid username:mp3gaming12@gmail.com
[ERROR] 2026-04-22 12:37:20.019 [TestNG-PoolService-1] LoginTestDP - mp3gaming12@gmail.comis invalidexpected [true] but found [false]
[WARN ] 2026-04-22 12:37:20.262 [TestNG-PoolService-2] LoginTestDP - Invalid username:abc@gmail.com
[ERROR] 2026-04-22 12:37:20.262 [TestNG-PoolService-2] LoginTestDP - abc@gmail.comis invalidexpected [true] but found [false]
[DEBUG] 2026-04-22 12:45:17.466 [main] PackageRelationshipCollection - Parsing relationship: /xl/_rels/workbook.xml.rels
[DEBUG] 2026-04-22 12:45:17.469 [main] PackageRelationshipCollection - Parsing relationship: /xl/worksheets/_rels/sheet1.xml.rels
[DEBUG] 2026-04-22 12:45:17.470 [main] PackageRelationshipCollection - Parsing relationship: /xl/worksheets/_rels/sheet2.xml.rels
[DEBUG] 2026-04-22 12:45:17.471 [main] PackageRelationshipCollection - Parsing relationship: /_rels/.rels
[INFO ] 2026-04-22 12:45:20.258 [TestNG-PoolService-1] LoginTestDP - Browser Opened
[INFO ] 2026-04-22 12:45:21.045 [TestNG-PoolService-1] LoginTestDP - URL Launched and Opened
[INFO ] 2026-04-22 12:45:21.386 [TestNG-PoolService-1] LoginTestDP - Entering username: mp3gaming12@gmail.com
[WARN ] 2026-04-22 12:45:21.455 [TestNG-PoolService-1] LoginTestDP - Remember Your Password
[DEBUG] 2026-04-22 12:45:23.631 [main] PackageRelationshipCollection - Parsing relationship: /xl/_rels/workbook.xml.rels
[DEBUG] 2026-04-22 12:45:23.633 [main] PackageRelationshipCollection - Parsing relationship: /xl/worksheets/_rels/sheet1.xml.rels
[DEBUG] 2026-04-22 12:45:23.633 [main] PackageRelationshipCollection - Parsing relationship: /xl/worksheets/_rels/sheet2.xml.rels
[DEBUG] 2026-04-22 12:45:23.634 [main] PackageRelationshipCollection - Parsing relationship: /_rels/.rels
[WARN ] 2026-04-22 12:45:28.030 [TestNG-PoolService-1] LoginTestDP - Invalid username:mp3gaming12@gmail.com
[ERROR] 2026-04-22 12:45:28.030 [TestNG-PoolService-1] LoginTestDP - mp3gaming12@gmail.comis invalidexpected [true] but found [false]
[WARN ] 2026-04-22 12:45:29.044 [TestNG-PoolService-2] LoginTestDP - Invalid username:abc@gmail.com
[ERROR] 2026-04-22 12:45:29.045 [TestNG-PoolService-2] LoginTestDP - abc@gmail.comis invalidexpected [true] but found [false]
[DEBUG] 2026-04-22 12:47:09.012 [main] PackageRelationshipCollection - Parsing relationship: /xl/_rels/workbook.xml.rels
[DEBUG] 2026-04-22 12:47:09.016 [main] PackageRelationshipCollection - Parsing relationship: /xl/worksheets/_rels/sheet1.xml.rels
[DEBUG] 2026-04-22 12:47:09.017 [main] PackageRelationshipCollection - Parsing relationship: /xl/worksheets/_rels/sheet2.xml.rels
[DEBUG] 2026-04-22 12:47:09.018 [main] PackageRelationshipCollection - Parsing relationship: /_rels/.rels
[INFO ] 2026-04-22 12:47:10.373 [TestNG-PoolService-1] LoginTestDP - Browser Opened
[INFO ] 2026-04-22 12:47:11.121 [TestNG-PoolService-1] LoginTestDP - URL Launched and Opened
[INFO ] 2026-04-22 12:47:11.609 [TestNG-PoolService-1] LoginTestDP - Entering username: mp3gaming12@gmail.com
[WARN ] 2026-04-22 12:47:11.674 [TestNG-PoolService-1] LoginTestDP - Remember Your Password
[DEBUG] 2026-04-22 12:47:14.825 [main] PackageRelationshipCollection - Parsing relationship: /xl/_rels/workbook.xml.rels
[DEBUG] 2026-04-22 12:47:14.826 [main] PackageRelationshipCollection - Parsing relationship: /xl/worksheets/_rels/sheet1.xml.rels
[DEBUG] 2026-04-22 12:47:14.827 [main] PackageRelationshipCollection - Parsing relationship: /xl/worksheets/_rels/sheet2.xml.rels
[DEBUG] 2026-04-22 12:47:14.827 [main] PackageRelationshipCollection - Parsing relationship: /_rels/.rels
[WARN ] 2026-04-22 12:47:17.901 [TestNG-PoolService-1] LoginTestDP - Invalid username:mp3gaming12@gmail.com
[ERROR] 2026-04-22 12:47:17.901 [TestNG-PoolService-1] LoginTestDP - mp3gaming12@gmail.comis invalidexpected [true] but found [false]
[WARN ] 2026-04-22 12:47:18.486 [TestNG-PoolService-2] LoginTestDP - Invalid username:abc@gmail.com
[ERROR] 2026-04-22 12:47:18.486 [TestNG-PoolService-2] LoginTestDP - abc@gmail.comis invalidexpected [true] but found [false]
[DEBUG] 2026-04-22 14:08:29.241 [main] PackageRelationshipCollection - Parsing relationship: /xl/_rels/workbook.xml.rels
[DEBUG] 2026-04-22 14:08:29.245 [main] PackageRelationshipCollection - Parsing relationship: /xl/worksheets/_rels/sheet1.xml.rels
[DEBUG] 2026-04-22 14:08:29.247 [main] PackageRelationshipCollection - Parsing relationship: /xl/worksheets/_rels/sheet2.xml.rels
[DEBUG] 2026-04-22 14:08:29.248 [main] PackageRelationshipCollection - Parsing relationship: /_rels/.rels
[INFO ] 2026-04-22 14:08:30.980 [TestNG-PoolService-1] LoginTestDP - Browser Opened
[INFO ] 2026-04-22 14:08:31.675 [TestNG-PoolService-1] LoginTestDP - URL Launched and Opened
[INFO ] 2026-04-22 14:08:31.974 [TestNG-PoolService-1] LoginTestDP - Entering username: mp3gaming12@gmail.com
[WARN ] 2026-04-22 14:08:32.043 [TestNG-PoolService-1] LoginTestDP - Remember Your Password
[DEBUG] 2026-04-22 14:08:33.467 [main] PackageRelationshipCollection - Parsing relationship: /xl/_rels/workbook.xml.rels
[DEBUG] 2026-04-22 14:08:33.468 [main] PackageRelationshipCollection - Parsing relationship: /xl/worksheets/_rels/sheet1.xml.rels
[DEBUG] 2026-04-22 14:08:33.469 [main] PackageRelationshipCollection - Parsing relationship: /xl/worksheets/_rels/sheet2.xml.rels
[DEBUG] 2026-04-22 14:08:33.470 [main] PackageRelationshipCollection - Parsing relationship: /_rels/.rels
[WARN ] 2026-04-22 14:08:37.082 [TestNG-PoolService-1] LoginTestDP - Invalid username:mp3gaming12@gmail.com
[ERROR] 2026-04-22 14:08:37.082 [TestNG-PoolService-1] LoginTestDP - mp3gaming12@gmail.comis invalidexpected [true] but found [false]
[WARN ] 2026-04-22 14:08:37.253 [TestNG-PoolService-2] LoginTestDP - Invalid username:abc@gmail.com
[ERROR] 2026-04-22 14:08:37.253 [TestNG-PoolService-2] LoginTestDP - abc@gmail.comis invalidexpected [true] but found [false]
[DEBUG] 2026-04-22 14:09:28.077 [main] PackageRelationshipCollection - Parsing relationship: /xl/_rels/workbook.xml.rels
[DEBUG] 2026-04-22 14:09:28.082 [main] PackageRelationshipCollection - Parsing relationship: /xl/worksheets/_rels/sheet1.xml.rels
[DEBUG] 2026-04-22 14:09:28.083 [main] PackageRelationshipCollection - Parsing relationship: /xl/worksheets/_rels/sheet2.xml.rels
[DEBUG] 2026-04-22 14:09:28.084 [main] PackageRelationshipCollection - Parsing relationship: /_rels/.rels
[INFO ] 2026-04-22 14:09:29.416 [TestNG-PoolService-1] LoginTestDP - Browser Opened
[INFO ] 2026-04-22 14:09:30.037 [TestNG-PoolService-1] LoginTestDP - URL Launched and Opened
[INFO ] 2026-04-22 14:09:30.328 [TestNG-PoolService-1] LoginTestDP - Entering username: mp3gaming12@gmail.com
[WARN ] 2026-04-22 14:09:30.398 [TestNG-PoolService-1] LoginTestDP - Remember Your Password
[DEBUG] 2026-04-22 14:09:31.840 [main] PackageRelationshipCollection - Parsing relationship: /xl/_rels/workbook.xml.rels
[DEBUG] 2026-04-22 14:09:31.841 [main] PackageRelationshipCollection - Parsing relationship: /xl/worksheets/_rels/sheet1.xml.rels
[DEBUG] 2026-04-22 14:09:31.841 [main] PackageRelationshipCollection - Parsing relationship: /xl/worksheets/_rels/sheet2.xml.rels
[DEBUG] 2026-04-22 14:09:31.842 [main] PackageRelationshipCollection - Parsing relationship: /_rels/.rels
[WARN ] 2026-04-22 14:09:34.636 [TestNG-PoolService-2] LoginTestDP - Invalid username:abc@gmail.com
[ERROR] 2026-04-22 14:09:34.636 [TestNG-PoolService-2] LoginTestDP - abc@gmail.comis invalidexpected [true] but found [false]
[WARN ] 2026-04-22 14:09:35.245 [TestNG-PoolService-1] LoginTestDP - Invalid username:mp3gaming12@gmail.com
[ERROR] 2026-04-22 14:09:35.245 [TestNG-PoolService-1] LoginTestDP - mp3gaming12@gmail.comis invalidexpected [true] but found [false]
[DEBUG] 2026-04-22 14:10:17.598 [main] PackageRelationshipCollection - Parsing relationship: /xl/_rels/workbook.xml.rels
[DEBUG] 2026-04-22 14:10:17.603 [main] PackageRelationshipCollection - Parsing relationship: /xl/worksheets/_rels/sheet1.xml.rels
[DEBUG] 2026-04-22 14:10:17.604 [main] PackageRelationshipCollection - Parsing relationship: /xl/worksheets/_rels/sheet2.xml.rels
[DEBUG] 2026-04-22 14:10:17.605 [main] PackageRelationshipCollection - Parsing relationship: /_rels/.rels
[INFO ] 2026-04-22 14:10:18.974 [TestNG-PoolService-1] LoginTestDP - Browser Opened
[INFO ] 2026-04-22 14:10:20.169 [TestNG-PoolService-1] LoginTestDP - URL Launched and Opened
[INFO ] 2026-04-22 14:10:20.991 [TestNG-PoolService-1] LoginTestDP - Entering username: mp3gaming12@gmail.com
[WARN ] 2026-04-22 14:10:21.077 [TestNG-PoolService-1] LoginTestDP - Remember Your Password
[DEBUG] 2026-04-22 14:10:23.497 [main] PackageRelationshipCollection - Parsing relationship: /xl/_rels/workbook.xml.rels
[DEBUG] 2026-04-22 14:10:23.498 [main] PackageRelationshipCollection - Parsing relationship: /xl/worksheets/_rels/sheet1.xml.rels
[DEBUG] 2026-04-22 14:10:23.499 [main] PackageRelationshipCollection - Parsing relationship: /xl/worksheets/_rels/sheet2.xml.rels
[DEBUG] 2026-04-22 14:10:23.500 [main] PackageRelationshipCollection - Parsing relationship: /_rels/.rels
[WARN ] 2026-04-22 14:10:27.759 [TestNG-PoolService-2] LoginTestDP - Invalid username:abc@gmail.com
[ERROR] 2026-04-22 14:10:27.760 [TestNG-PoolService-2] LoginTestDP - abc@gmail.comis invalidexpected [true] but found [false]
[WARN ] 2026-04-22 14:10:27.884 [TestNG-PoolService-1] LoginTestDP - Invalid username:mp3gaming12@gmail.com
[ERROR] 2026-04-22 14:10:27.885 [TestNG-PoolService-1] LoginTestDP - mp3gaming12@gmail.comis invalidexpected [true] but found [false]
[DEBUG] 2026-04-22 14:17:17.981 [main] PackageRelationshipCollection - Parsing relationship: /xl/_rels/workbook.xml.rels
[DEBUG] 2026-04-22 14:17:17.986 [main] PackageRelationshipCollection - Parsing relationship: /xl/worksheets/_rels/sheet1.xml.rels
[DEBUG] 2026-04-22 14:17:17.987 [main] PackageRelationshipCollection - Parsing relationship: /xl/worksheets/_rels/sheet2.xml.rels
[DEBUG] 2026-04-22 14:17:17.988 [main] PackageRelationshipCollection - Parsing relationship: /_rels/.rels
[INFO ] 2026-04-22 14:17:19.304 [TestNG-PoolService-1] LoginTestDP - Browser Opened
[INFO ] 2026-04-22 14:17:19.947 [TestNG-PoolService-1] LoginTestDP - URL Launched and Opened
[INFO ] 2026-04-22 14:17:20.277 [TestNG-PoolService-1] LoginTestDP - Entering username: mp3gaming12@gmail.com
[WARN ] 2026-04-22 14:17:20.338 [TestNG-PoolService-1] LoginTestDP - Remember Your Password
[DEBUG] 2026-04-22 14:17:21.452 [main] PackageRelationshipCollection - Parsing relationship: /xl/_rels/workbook.xml.rels
[DEBUG] 2026-04-22 14:17:21.453 [main] PackageRelationshipCollection - Parsing relationship: /xl/worksheets/_rels/sheet1.xml.rels
[DEBUG] 2026-04-22 14:17:21.454 [main] PackageRelationshipCollection - Parsing relationship: /xl/worksheets/_rels/sheet2.xml.rels
[DEBUG] 2026-04-22 14:17:21.454 [main] PackageRelationshipCollection - Parsing relationship: /_rels/.rels
[WARN ] 2026-04-22 14:17:25.252 [TestNG-PoolService-1] LoginTestDP - Invalid username:mp3gaming12@gmail.com
[ERROR] 2026-04-22 14:17:25.253 [TestNG-PoolService-1] LoginTestDP - mp3gaming12@gmail.comis invalidexpected [true] but found [false]
[WARN ] 2026-04-22 14:17:25.462 [TestNG-PoolService-2] LoginTestDP - Invalid username:abc@gmail.com
[ERROR] 2026-04-22 14:17:25.463 [TestNG-PoolService-2] LoginTestDP - abc@gmail.comis invalidexpected [true] but found [false]
